[Thu, 22. Jul 2021 10:57:06 CST | ID 299524794372849664] 凌a: list
[Thu, 22. Jul 2021 11:03:58 CST | ID 299524794372849664] 凌a: morning freedom
[Thu, 22. Jul 2021 11:04:53 CST | ID 299524794372849664] 凌a: broadcast &2系統 &f已重置自由大陸時間
[Thu, 22. Jul 2021 11:05:22 CST | ID 299524794372849664] 凌a: say 如果還是有夜寐再和我說 by.影凌
[Thu, 22. Jul 2021 11:13:59 CST | ID 299524794372849664] 凌a: list
[Thu, 22. Jul 2021 11:14:22 CST | ID 299524794372849664] 凌a: say 對於沒上鎖的沒有明文規定 但盡量不要
[Thu, 22. Jul 2021 11:28:40 CST | ID 299524794372849664] 凌a: tps
[Thu, 22. Jul 2021 11:28:50 CST | ID 299524794372849664] 凌a: list
[Thu, 22. Jul 2021 11:28:56 CST | ID 299524794372849664] 凌a: v list
[Thu, 22. Jul 2021 11:40:19 CST | ID 299524794372849664] 凌a: List
[Thu, 22. Jul 2021 15:36:30 CST | ID 299524794372849664] 凌a: list
[Thu, 22. Jul 2021 15:38:53 CST | ID 299524794372849664] 凌a: whitelist add JiEGo0705
[Thu, 22. Jul 2021 17:43:43 CST | ID 448487900498100224] 琳a: say  AHOY
[Thu, 22. Jul 2021 17:43:54 CST | ID 299524794372849664] 凌a: say PEKO
[Thu, 22. Jul 2021 17:44:31 CST | ID 288309670962135040] 琉見 Rumi: say こんぺこ　こんぺこ
[Thu, 22. Jul 2021 17:45:37 CST | ID 288309670962135040] 琉見 Rumi: say こんるし
[Thu, 22. Jul 2021 18:16:22 CST | ID 299524794372849664] 凌a: bang
[Thu, 22. Jul 2021 18:17:00 CST | ID 299524794372849664] 凌a: tps
[Thu, 22. Jul 2021 18:17:09 CST | ID 299524794372849664] 凌a: ping
[Thu, 22. Jul 2021 18:22:28 CST | ID 299524794372849664] 凌a: say test
[Thu, 22. Jul 2021 18:22:30 CST | ID 299524794372849664] 凌a: ping YingLRaft
