[Fri, 23. Jul 2021 00:25:08 CST | ID 299524794372849664] 凌a: list
[Fri, 23. Jul 2021 07:21:23 CST | ID 248374668577341443] Jasonジェ: flare
[Fri, 23. Jul 2021 07:56:50 CST | ID 248374668577341443] Jasonジェ: Tps
[Fri, 23. Jul 2021 07:57:11 CST | ID 248374668577341443] Jasonジェ: Timings on
[Fri, 23. Jul 2021 07:57:51 CST | ID 248374668577341443] Jasonジェ: Flare
[Fri, 23. Jul 2021 08:07:09 CST | ID 248374668577341443] Jasonジェ: Timings report
[Fri, 23. Jul 2021 11:32:25 CST | ID 299524794372849664] 凌a: List
[Fri, 23. Jul 2021 11:32:39 CST | ID 299524794372849664] 凌a: msg l 我睡死了 靠腰
[Fri, 23. Jul 2021 11:32:47 CST | ID 299524794372849664] 凌a: msg l 我現在起床2333
[Fri, 23. Jul 2021 11:38:10 CST | ID 299524794372849664] 凌a: list
[Fri, 23. Jul 2021 11:43:07 CST | ID 299524794372849664] 凌a: v list
[Fri, 23. Jul 2021 11:43:21 CST | ID 299524794372849664] 凌a: v jie00029
[Fri, 23. Jul 2021 14:13:16 CST | ID 299524794372849664] 凌a: maxplayer 1
[Fri, 23. Jul 2021 16:30:39 CST | ID 248374668577341443] Jasonジェ: Tps
[Fri, 23. Jul 2021 16:30:53 CST | ID 248374668577341443] Jasonジェ: Dogecoin
[Fri, 23. Jul 2021 16:36:06 CST | ID 299524794372849664] 凌a: say 想傳送我去哪 我有在看後台ㄛ
[Fri, 23. Jul 2021 16:36:29 CST | ID 299524794372849664] 凌a: list
[Fri, 23. Jul 2021 16:40:19 CST | ID 299524794372849664] 凌a: tps
[Fri, 23. Jul 2021 23:27:43 CST | ID 299524794372849664] 凌a: list
[Fri, 23. Jul 2021 23:55:40 CST | ID 248374668577341443] Jasonジェ: ｔｐｓ
[Fri, 23. Jul 2021 23:55:48 CST | ID 248374668577341443] Jasonジェ: Tps
[Fri, 23. Jul 2021 23:55:59 CST | ID 248374668577341443] Jasonジェ: List
