[Tue, 20. Jul 2021 13:07:00 CST | ID 299524794372849664] 凌a: say weeee
[Tue, 20. Jul 2021 13:07:22 CST | ID 248374668577341443] Jasonジェ: say aaaaaa
[Tue, 20. Jul 2021 13:07:31 CST | ID 299524794372849664] 凌a: tempban jie00029 10s
[Tue, 20. Jul 2021 13:08:08 CST | ID 299524794372849664] 凌a: whitelist add test
[Tue, 20. Jul 2021 13:20:08 CST | ID 299524794372849664] 凌a: say weeee
[Tue, 20. Jul 2021 17:50:17 CST | ID 299524794372849664] 凌a: <@!448487900498100224>
[Tue, 20. Jul 2021 17:52:11 CST | ID 448487900498100224] 琳a: YEE
[Tue, 20. Jul 2021 17:52:38 CST | ID 299524794372849664] 凌a: say yee
[Tue, 20. Jul 2021 17:52:54 CST | ID 299524794372849664] 凌a: msg lin_1009 yee
[Tue, 20. Jul 2021 17:53:04 CST | ID 299524794372849664] 凌a: msg YingLraft yee
[Tue, 20. Jul 2021 17:53:15 CST | ID 448487900498100224] 琳a: say yeeeeeeeeeeeeeeeeeeeeeeeeeeeeee
[Tue, 20. Jul 2021 17:53:44 CST | ID 299524794372849664] 凌a: broadcast 注意
[Tue, 20. Jul 2021 17:53:50 CST | ID 299524794372849664] 凌a: broadcast 感謝你的注意
[Tue, 20. Jul 2021 17:54:07 CST | ID 299524794372849664] 凌a: titlemsg 我
[Tue, 20. Jul 2021 17:54:12 CST | ID 299524794372849664] 凌a: titlemsg all 我
[Tue, 20. Jul 2021 17:54:16 CST | ID 448487900498100224] 琳a: broadcast 影凌在耍智障
[Tue, 20. Jul 2021 17:54:24 CST | ID 299524794372849664] 凌a: broadcast +0閉閉
[Tue, 20. Jul 2021 17:54:39 CST | ID 448487900498100224] 琳a: titlemsg all NOPE 10
[Tue, 20. Jul 2021 17:54:39 CST | ID 299524794372849664] 凌a: staffmsg yee
[Tue, 20. Jul 2021 17:54:44 CST | ID 299524794372849664] 凌a: titlemsg all peko
[Tue, 20. Jul 2021 17:54:55 CST | ID 448487900498100224] 琳a: titlemsg all 好油哦peko
[Tue, 20. Jul 2021 17:55:00 CST | ID 299524794372849664] 凌a: titlemsg all AHOY
[Tue, 20. Jul 2021 17:55:12 CST | ID 448487900498100224] 琳a: titlemsg all 我都不看那些的peko
[Tue, 20. Jul 2021 17:55:22 CST | ID 299524794372849664] 凌a: titlemsg all 好巧哦 我也是耶 peko
[Tue, 20. Jul 2021 17:55:53 CST | ID 448487900498100224] 琳a: titlemsg all 88
[Tue, 20. Jul 2021 17:56:11 CST | ID 448487900498100224] 琳a: titlemsg all 你是不是雷姆控
[Tue, 20. Jul 2021 17:56:29 CST | ID 448487900498100224] 琳a: titlemsg all 你是不是雷姆控2333
[Tue, 20. Jul 2021 17:57:36 CST | ID 448487900498100224] 琳a: titlemsg all 好耶
[Tue, 20. Jul 2021 17:57:44 CST | ID 299524794372849664] 凌a: titlemsg all +0帶我去打機
[Tue, 20. Jul 2021 17:58:13 CST | ID 299524794372849664] 凌a: say .
[Tue, 20. Jul 2021 17:58:13 CST | ID 299524794372849664] 凌a: say .
[Tue, 20. Jul 2021 17:58:13 CST | ID 299524794372849664] 凌a: say .
[Tue, 20. Jul 2021 17:58:14 CST | ID 299524794372849664] 凌a: say .
[Tue, 20. Jul 2021 17:58:14 CST | ID 299524794372849664] 凌a: say .
[Tue, 20. Jul 2021 17:58:14 CST | ID 299524794372849664] 凌a: say .
[Tue, 20. Jul 2021 17:58:14 CST | ID 299524794372849664] 凌a: say .
[Tue, 20. Jul 2021 17:58:15 CST | ID 299524794372849664] 凌a: say .
[Tue, 20. Jul 2021 17:58:15 CST | ID 299524794372849664] 凌a: say .
[Tue, 20. Jul 2021 17:58:15 CST | ID 299524794372849664] 凌a: say .
[Tue, 20. Jul 2021 17:58:23 CST | ID 448487900498100224] 琳a: titlemsg all 正 太 好 可 愛
[Tue, 20. Jul 2021 17:58:23 CST | ID 299524794372849664] 凌a: say .
[Tue, 20. Jul 2021 17:58:23 CST | ID 299524794372849664] 凌a: say .
[Tue, 20. Jul 2021 17:58:39 CST | ID 299524794372849664] 凌a: titlemsg l +0帶我去打機><
[Tue, 20. Jul 2021 17:58:49 CST | ID 448487900498100224] 琳a: titlemsg all 不要
[Tue, 20. Jul 2021 17:59:03 CST | ID 299524794372849664] 凌a: titlemsg l 走啦啦啦啦啦啦啦啦
